<?xml version="1.0" encoding="UTF-8"?>
<!-- Generated by org.testng.reporters.JUnitReportReporter -->
<testsuite skipped="1" hostname="A073DHYD" name="GW.Guidewire.Testcases.Tc4_Search_edit" tests="1" failures="0" timestamp="13 Oct 2020 07:08:44 GMT" time="0.001" errors="0">
  <testcase name="f" time="0.001" classname="GW.Guidewire.Testcases.Tc4_Search_edit">
    <skipped/>
  </testcase> <!-- f -->
</testsuite> <!-- GW.Guidewire.Testcases.Tc4_Search_edit -->
