<?xml version="1.0" encoding="UTF-8"?>
<!-- Generated by org.testng.reporters.JUnitReportReporter -->
<testsuite skipped="0" hostname="A073DHYD" name="GW.Guidewire.Testcases.group" tests="2" failures="0" timestamp="13 Oct 2020 10:16:09 GMT" time="0.008" errors="0">
  <testcase name="h" time="0.002" classname="GW.Guidewire.Testcases.group"/>
  <testcase name="f" time="0.006" classname="GW.Guidewire.Testcases.group"/>
</testsuite> <!-- GW.Guidewire.Testcases.group -->
