<?xml version="1.0" encoding="UTF-8"?>
<!-- Generated by org.testng.reporters.JUnitReportReporter -->
<testsuite skipped="1" hostname="A073DHYD" name="GW.Guidewire.Testcases.Tc3_CreateNewperson" tests="1" failures="0" timestamp="13 Oct 2020 08:18:40 GMT" time="0.002" errors="0">
  <testcase name="b" time="0.002" classname="GW.Guidewire.Testcases.Tc3_CreateNewperson">
    <skipped/>
  </testcase> <!-- b -->
</testsuite> <!-- GW.Guidewire.Testcases.Tc3_CreateNewperson -->
