<?xml version="1.0" encoding="UTF-8"?>
<!-- Generated by org.testng.reporters.JUnitReportReporter -->
<testsuite skipped="0" hostname="A073DHYD" name="GW.Guidewire.Testcases.Demo" tests="3" failures="0" timestamp="16 Oct 2020 16:05:20 GMT" time="0.010" errors="0">
  <testcase name="h" time="0.001" classname="GW.Guidewire.Testcases.Demo"/>
  <testcase name="f" time="0.008" classname="GW.Guidewire.Testcases.Demo"/>
  <testcase name="g" time="0.001" classname="GW.Guidewire.Testcases.Demo"/>
</testsuite> <!-- GW.Guidewire.Testcases.Demo -->
