<?xml version="1.0" encoding="UTF-8"?>
<!-- Generated by org.testng.reporters.JUnitReportReporter -->
<testsuite skipped="1" hostname="A073DHYD" name="GW.Guidewire.Testcases.Tc3_CreateNewperson" tests="1" failures="0" timestamp="19 Sep 2020 03:21:49 GMT" time="0.000" errors="0">
  <testcase name="b" time="0.000" classname="GW.Guidewire.Testcases.Tc3_CreateNewperson">
    <skipped/>
  </testcase> <!-- b -->
</testsuite> <!-- GW.Guidewire.Testcases.Tc3_CreateNewperson -->
