<?xml version="1.0" encoding="UTF-8"?>
<!-- Generated by org.testng.reporters.JUnitReportReporter -->
<testsuite skipped="0" hostname="A073DHYD" name="GW.Guidewire.Testcases.NewTest" tests="1" failures="0" timestamp="15 Sep 2020 08:55:06 GMT" time="1.444" errors="0">
  <testcase name="f" time="1.444" classname="GW.Guidewire.Testcases.NewTest"/>
</testsuite> <!-- GW.Guidewire.Testcases.NewTest -->
