<?xml version="1.0" encoding="UTF-8"?>
<!-- Generated by org.testng.reporters.JUnitReportReporter -->
<testsuite skipped="0" hostname="A073DHYD" name="GW.Guidewire.Testcases.Demo" tests="2" failures="0" timestamp="21 Oct 2020 15:59:23 GMT" time="0.007" errors="0">
  <testcase name="g" time="0.003" classname="GW.Guidewire.Testcases.Demo"/>
  <testcase name="h" time="0.004" classname="GW.Guidewire.Testcases.Demo"/>
</testsuite> <!-- GW.Guidewire.Testcases.Demo -->
