<?xml version="1.0" encoding="UTF-8"?>
<!-- Generated by org.testng.reporters.JUnitReportReporter -->
<testsuite skipped="0" hostname="A073DHYD" name="GW.Guidewire.Testcases.group" tests="3" failures="0" timestamp="16 Oct 2020 16:02:22 GMT" time="0.012" errors="0">
  <testcase name="g" time="0.010" classname="GW.Guidewire.Testcases.group"/>
  <testcase name="h" time="0.001" classname="GW.Guidewire.Testcases.group"/>
  <testcase name="f" time="0.001" classname="GW.Guidewire.Testcases.group"/>
</testsuite> <!-- GW.Guidewire.Testcases.group -->
